<?xml version="1.0" encoding="UTF-8"?>
<!-- Generated by org.testng.reporters.JUnitXMLReporter -->
<testsuite ignored="0" hostname="DESKTOP-UNRT3T7" failures="0" tests="4" name="Test" time="23.649" errors="0" timestamp="2020-05-30T14:31:04 IST">
  <testcase classname="com.gorest.apitests.BasicApiTests" name="getUsers" time="1.628"/>
  <testcase classname="com.gorest.apitests.BasicApiTests" name="postUser" time="0.77"/>
  <testcase classname="com.gorest.uitests.UITests" name="verifyFacebooklogin" time="13.221"/>
  <testcase classname="com.gorest.uitests.UITests" name="verrifySearchuser" time="3.557"/>
</testsuite> <!-- Test -->
