<?xml version="1.0" encoding="UTF-8"?>
<testsuite xmlns:xsi="http://www.w3.org/2001/XMLSchema-instance" xsi:noNamespaceSchemaLocation="https://maven.apache.org/surefire/maven-surefire-plugin/xsd/surefire-test-report-3.0.xsd" version="3.0" name="TestSuite" time="40.161" tests="3" errors="0" skipped="0" failures="0">
  <properties>
[...]
</properties>
  <testcase name="postUser" classname="com.gorest.apitests.BasicApiTests" time="2.603"/>
  <testcase name="verifyFacebooklogin" classname="com.gorest.uitests.UITests" time="28.242"/>
  <testcase name="verrifySearchuser" classname="com.gorest.uitests.UITests" time="2.532"/>
</testsuite>