<?xml version="1.0" encoding="UTF-8"?>
<testng-results ignored="1" total="4" passed="3" failed="0" skipped="0">
  <reporter-output>
  </reporter-output>
  <suite started-at="2020-06-05T16:11:51 IST" name="RegressionTestSuite" finished-at="2020-06-05T16:12:36 IST" duration-ms="45036">
    <groups>
      <group name="Regression">
        <method signature="BasicApiTests.postUser()[pri:0, instance:com.gorest.apitests.BasicApiTests@1613674b]" name="postUser" class="com.gorest.apitests.BasicApiTests"/>
        <method signature="UITests.verifyFacebooklogin()[pri:0, instance:com.gorest.uitests.UITests@76c3e77a]" name="verifyFacebooklogin" class="com.gorest.uitests.UITests"/>
        <method signature="UITests.verrifySearchuser()[pri:0, instance:com.gorest.uitests.UITests@76c3e77a]" name="verrifySearchuser" class="com.gorest.uitests.UITests"/>
      </group> <!-- Regression -->
    </groups>
    <test started-at="2020-06-05T16:11:51 IST" name="Test2" finished-at="2020-06-05T16:11:56 IST" duration-ms="4866">
      <class name="com.gorest.apitests.BasicApiTests">
        <test-method signature="postUser()[pri:0, instance:com.gorest.apitests.BasicApiTests@1613674b]" started-at="2020-06-05T16:11:51 IST" name="postUser" finished-at="2020-06-05T16:11:56 IST" duration-ms="4828" status="PASS">
          <reporter-output>
          </reporter-output>
        </test-method> <!-- postUser -->
      </class> <!-- com.gorest.apitests.BasicApiTests -->
    </test> <!-- Test2 -->
    <test started-at="2020-06-05T16:11:56 IST" name="Test3" finished-at="2020-06-05T16:12:36 IST" duration-ms="40154">
      <class name="com.gorest.uitests.UITests">
        <test-method is-config="true" signature="setup()[pri:0, instance:com.gorest.uitests.UITests@76c3e77a]" started-at="2020-06-05T16:11:56 IST" name="setup" finished-at="2020-06-05T16:12:04 IST" duration-ms="8183" status="PASS">
          <reporter-output>
          </reporter-output>
        </test-method> <!-- setup -->
        <test-method signature="verifyFacebooklogin()[pri:0, instance:com.gorest.uitests.UITests@76c3e77a]" started-at="2020-06-05T16:12:04 IST" name="verifyFacebooklogin" finished-at="2020-06-05T16:12:33 IST" duration-ms="29434" status="PASS">
          <reporter-output>
          </reporter-output>
        </test-method> <!-- verifyFacebooklogin -->
        <test-method signature="verrifySearchuser()[pri:0, instance:com.gorest.uitests.UITests@76c3e77a]" started-at="2020-06-05T16:12:33 IST" name="verrifySearchuser" finished-at="2020-06-05T16:12:36 IST" depends-on-methods="com.gorest.uitests.UITests.verifyFacebooklogin" duration-ms="2532" status="PASS">
          <reporter-output>
          </reporter-output>
        </test-method> <!-- verrifySearchuser -->
      </class> <!-- com.gorest.uitests.UITests -->
    </test> <!-- Test3 -->
  </suite> <!-- RegressionTestSuite -->
</testng-results>
